<?xml version="1.0" encoding="UTF-8"?>
<!-- Generated by org.testng.reporters.JUnitReportReporter -->
<testsuite hostname="LT01680" failures="0" tests="2" name="Simulator.SimulatorTest.BootNotification" time="11.746" errors="0" timestamp="30 Oct 2019 06:25:44 GMT" skipped="0">
  <testcase classname="Simulator.SimulatorTest.BootNotification" name="Entervalues" time="8.430"/>
  <testcase classname="Simulator.SimulatorTest.BootNotification" name="SendRequest" time="3.316"/>
</testsuite> <!-- Simulator.SimulatorTest.BootNotification -->
