<?xml version="1.0" encoding="UTF-8"?>
<!-- Generated by org.testng.reporters.JUnitReportReporter -->
<testsuite hostname="LT01680" failures="0" tests="5" name="Simulator.SimulatorTest.TillStopTransaction" time="67.567" errors="0" timestamp="2019-11-05T09:55:03 IST" skipped="0">
  <testcase classname="Simulator.SimulatorTest.TillStopTransaction" name="opensimulator" time="12.799"/>
  <testcase classname="Simulator.SimulatorTest.TillStopTransaction" name="sendboot" time="11.884"/>
  <testcase classname="Simulator.SimulatorTest.TillStopTransaction" name="Authenticate" time="9.983"/>
  <testcase classname="Simulator.SimulatorTest.TillStopTransaction" name="StartTrans" time="17.912"/>
  <testcase classname="Simulator.SimulatorTest.TillStopTransaction" name="StopTrans" time="14.989"/>
</testsuite> <!-- Simulator.SimulatorTest.TillStopTransaction -->
