<?xml version="1.0" encoding="UTF-8"?>
<!-- Generated by org.testng.reporters.JUnitReportReporter -->
<testsuite hostname="LT01680" failures="0" tests="3" name="Simulator.SimulatorTest.AuthorizeSuccessfull" time="35.400" errors="0" timestamp="2019-11-05T10:17:29 IST" skipped="0">
  <testcase classname="Simulator.SimulatorTest.AuthorizeSuccessfull" name="opensimulator" time="13.228"/>
  <testcase classname="Simulator.SimulatorTest.AuthorizeSuccessfull" name="sendboot" time="12.063"/>
  <testcase classname="Simulator.SimulatorTest.AuthorizeSuccessfull" name="Authenticate" time="10.109"/>
</testsuite> <!-- Simulator.SimulatorTest.AuthorizeSuccessfull -->
