<?xml version="1.0" encoding="UTF-8"?>
<!-- Generated by org.testng.reporters.JUnitReportReporter -->
<testsuite hostname="LT01680" failures="0" tests="1" name="Simulator.SimulatorTest.Authorize" time="9.680" errors="0" timestamp="30 Oct 2019 06:25:44 GMT" skipped="0">
  <testcase classname="Simulator.SimulatorTest.Authorize" name="Authorizerequest" time="9.680"/>
</testsuite> <!-- Simulator.SimulatorTest.Authorize -->
