<?xml version="1.0" encoding="UTF-8"?>
<!-- Generated by org.testng.reporters.JUnitReportReporter -->
<testsuite hostname="LT01680" failures="0" tests="2" name="Simulator.SimulatorTest.SendBootOnly" time="26.680" errors="0" timestamp="2019-11-04T10:28:04 IST" skipped="0">
  <testcase classname="Simulator.SimulatorTest.SendBootOnly" name="opensimulator" time="12.712"/>
  <testcase classname="Simulator.SimulatorTest.SendBootOnly" name="sendboot" time="13.968"/>
</testsuite> <!-- Simulator.SimulatorTest.SendBootOnly -->
