<?xml version="1.0" encoding="UTF-8"?>
<!-- Generated by org.testng.reporters.JUnitReportReporter -->
<testsuite hostname="LT01680" failures="0" tests="3" name="Simulator.SimulatorTest.testconnections" time="0.469" errors="0" timestamp="2019-10-30T15:01:33 IST" skipped="0">
  <testcase classname="Simulator.SimulatorTest.testconnections" name="sessionlogs" time="0.444"/>
  <testcase classname="Simulator.SimulatorTest.testconnections" name="testevsestatus" time="0.014"/>
  <testcase classname="Simulator.SimulatorTest.testconnections" name="testocpplogs" time="0.011"/>
</testsuite> <!-- Simulator.SimulatorTest.testconnections -->
