<?xml version="1.0" encoding="UTF-8"?>
<!-- Generated by org.testng.reporters.JUnitReportReporter -->
<testsuite hostname="LT01680" failures="0" tests="1" name="Simulator.SimulatorTest.Runsimulator" time="2.033" errors="0" timestamp="30 Oct 2019 06:22:51 GMT" skipped="0">
  <testcase classname="Simulator.SimulatorTest.Runsimulator" name="Initiatecommand" time="2.033"/>
</testsuite> <!-- Simulator.SimulatorTest.Runsimulator -->
