<?xml version="1.0" encoding="UTF-8"?>
<!-- Generated by org.testng.reporters.JUnitReportReporter -->
<testsuite hostname="LT01680" failures="0" tests="3" name="Simulator.SimulatorTest.InitiateSimulator" time="12.101" errors="0" timestamp="30 Oct 2019 06:25:44 GMT" skipped="0">
  <testcase classname="Simulator.SimulatorTest.InitiateSimulator" name="OpenSimulator" time="5.346"/>
  <testcase classname="Simulator.SimulatorTest.InitiateSimulator" name="EnterConfigurations" time="5.125"/>
  <testcase classname="Simulator.SimulatorTest.InitiateSimulator" name="Submitconfiguration" time="1.630"/>
</testsuite> <!-- Simulator.SimulatorTest.InitiateSimulator -->
